<?xml version="1.0" encoding="UTF-8"?>
<!-- Generated by org.testng.reporters.JUnitReportReporter -->
<testsuite hostname="DESKTOP-PEMK71C" failures="0" tests="1" name="Tests.RegistrationTest" time="37.239" errors="0" timestamp="2022-12-10T16:05:14 IST" skipped="0">
  <testcase classname="Tests.RegistrationTest" name="login" time="37.239"/>
  <system-out/>
</testsuite> <!-- Tests.RegistrationTest -->
